INFO  | 2020-12-02 14:44:40 | [main] javapractice.App (App.java:17) - Hello, World Will Be Printed On Info
WARN  | 2020-12-02 14:44:40 | [main] javapractice.App (App.java:18) - Hello, World Will Be Printed On Warn
ERROR | 2020-12-02 14:44:40 | [main] javapractice.App (App.java:19) - Hello, World Will Be Printed On Error
FATAL | 2020-12-02 14:44:40 | [main] javapractice.App (App.java:20) - Hello, World Will Be Printed On Fatal
INFO  | 2020-12-02 14:44:40 | [main] javapractice.App (App.java:21) - Appending string: Hello, World.
INFO  | 2020-12-02 14:46:20 | [main] javapractice.App (App.java:17) - Hello, World Will Be Printed On Info
WARN  | 2020-12-02 14:46:20 | [main] javapractice.App (App.java:18) - Hello, World Will Be Printed On Warn
ERROR | 2020-12-02 14:46:20 | [main] javapractice.App (App.java:19) - Hello, World Will Be Printed On Error
FATAL | 2020-12-02 14:46:20 | [main] javapractice.App (App.java:20) - Hello, World Will Be Printed On Fatal
INFO  | 2020-12-02 14:46:20 | [main] javapractice.App (App.java:21) - Appending string: Hello, World.
DEBUG | 2020-12-02 14:47:27 | [main] javapractice.App (App.java:16) - Hello, World Will Be Printed On Debug
INFO  | 2020-12-02 14:47:27 | [main] javapractice.App (App.java:17) - Hello, World Will Be Printed On Info
WARN  | 2020-12-02 14:47:27 | [main] javapractice.App (App.java:18) - Hello, World Will Be Printed On Warn
ERROR | 2020-12-02 14:47:27 | [main] javapractice.App (App.java:19) - Hello, World Will Be Printed On Error
FATAL | 2020-12-02 14:47:27 | [main] javapractice.App (App.java:20) - Hello, World Will Be Printed On Fatal
INFO  | 2020-12-02 14:47:27 | [main] javapractice.App (App.java:21) - Appending string: Hello, World.
DEBUG | 2020-12-02 20:00:56 | [main] javapractice.App (App.java:16) - Hello, World Will Be Printed On Debug
INFO  | 2020-12-02 20:00:56 | [main] javapractice.App (App.java:17) - Hello, World Will Be Printed On Info
WARN  | 2020-12-02 20:00:56 | [main] javapractice.App (App.java:18) - Hello, World Will Be Printed On Warn
ERROR | 2020-12-02 20:00:56 | [main] javapractice.App (App.java:19) - Hello, World Will Be Printed On Error
FATAL | 2020-12-02 20:00:56 | [main] javapractice.App (App.java:20) - Hello, World Will Be Printed On Fatal
INFO  | 2020-12-02 20:00:56 | [main] javapractice.App (App.java:22) - Appending string: Hello, World.
DEBUG | 2020-12-02 20:02:22 | [main] javapractice.App (App.java:16) - Hello, World Will Be Printed On Debug
INFO  | 2020-12-02 20:02:22 | [main] javapractice.App (App.java:17) - Hello, World Will Be Printed On Info
WARN  | 2020-12-02 20:02:22 | [main] javapractice.App (App.java:18) - Hello, World Will Be Printed On Warn
ERROR | 2020-12-02 20:02:22 | [main] javapractice.App (App.java:19) - Hello, World Will Be Printed On Error
FATAL | 2020-12-02 20:02:22 | [main] javapractice.App (App.java:20) - Hello, World Will Be Printed On Fatal
INFO  | 2020-12-02 20:02:22 | [main] javapractice.App (App.java:21) - Appending string: Hello, World.
